<html>
<head>
<title>TestNG:  Test-2</title>
<link href="../testng.css" rel="stylesheet" type="text/css" />
<link href="../my-testng.css" rel="stylesheet" type="text/css" />

<style type="text/css">
.log { display: none;} 
.stack-trace { display: none;} 
</style>
<script type="text/javascript">
<!--
function flip(e) {
  current = e.style.display;
  if (current == 'block') {
    e.style.display = 'none';
    return 0;
  }
  else {
    e.style.display = 'block';
    return 1;
  }
}

function toggleBox(szDivId, elem, msg1, msg2)
{
  var res = -1;  if (document.getElementById) {
    res = flip(document.getElementById(szDivId));
  }
  else if (document.all) {
    // this is the way old msie versions work
    res = flip(document.all[szDivId]);
  }
  if(elem) {
    if(res == 0) elem.innerHTML = msg1; else elem.innerHTML = msg2;
  }

}

function toggleAllBoxes() {
  if (document.getElementsByTagName) {
    d = document.getElementsByTagName('div');
    for (i = 0; i < d.length; i++) {
      if (d[i].className == 'log') {
        flip(d[i]);
      }
    }
  }
}

// -->
</script>

</head>
<body>
<h2 align='center'>Test-2</h2><table border='1' align="center">
<tr>
<td>Tests passed/Failed/Skipped:</td><td>0/2/0</td>
</tr><tr>
<td>Started on:</td><td>Fri May 05 12:43:39 IST 2023</td>
</tr>
<tr><td>Total time:</td><td>206 seconds (206276 ms)</td>
</tr><tr>
<td>Included groups:</td><td></td>
</tr><tr>
<td>Excluded groups:</td><td></td>
</tr>
</table><p/>
<small><i>(Hover the method name to see the test class name)</i></small><p/>
<table width='100%' border='1' class='invocation-failed'>
<tr><td colspan='4' align='center'><b>FAILED TESTS</b></td></tr>
<tr><td><b>Test method</b></td>
<td><b>Attribute(s)</b></td>
<td width="30%"><b>Exception</b></td>
<td width="10%"><b>Time (seconds)</b></td>
<td><b>Instance</b></td>
</tr>
<tr>
<td title='testRunner.GreenkartTestRunner.runScenario()'><b>runScenario</b><br>Test class: testRunner.GreenkartTestRunner<br>Test method: Runs Cucumber Scenarios<br>Parameters: "Search a product and verify ability to place order", "Place the order for products"</td>
<td><div><pre>org.openqa.selenium.NoSuchElementException: Cannot find element(s) with xpath
For documentation on this error, please visit: http://seleniumhq.org/exceptions/no_such_element.html
Build info: version: &apos;2.43.1&apos;, revision: &apos;5163bce&apos;, time: &apos;2014-09-10 16:27:33&apos;
System info: host: &apos;mac-193-186-253-99.browserstack.com&apos;, ip: &apos;193.186.253.99&apos;, os.name: &apos;Mac OS X&apos;, os.arch: &apos;x86_64&apos;, os.version: &apos;10.14.6&apos;, java.version: &apos;1.8.0_181&apos;
Driver info: driver.version: EventFiringWebDriver (WARNING: The server did not provide any stacktrace information)
Command duration or timeout: 0 milliseconds
For documentation on this error, please visit: https://selenium.dev/exceptions/#no_such_element
Build info: version: &apos;4.8.3&apos;, revision: &apos;e5e76298c3&apos;
System info: os.name: &apos;Windows 10&apos;, os.arch: &apos;amd64&apos;, os.version: &apos;10.0&apos;, java.version: &apos;11.0.2-redhat&apos;
Driver info: org.openqa.selenium.remote.RemoteWebDriver
Command: [1c6f3f62c7e77efb74408f06c74ad192c634b6ca, findElement {using=xpath, value=//input[@type = &apos;search&apos;]}]
Capabilities {64bit: false, acceptSslCert: false, acceptSslCerts: false, browser: opera, browserName: opera, browser_name: Opera, browser_version: 12.15, browserstack.appium_version: , browserstack.hostName: ACSIPL-58, browserstack.is_hub_canary: false, bstack:options: {browser: Opera, browserName: Opera, browserVersion: 12.15, browserstackSDK: cucumber-testng-javaagent/1..., hostName: ACSIPL-58, os: OS X, osVersion: Mojave}, capabilities: {64bit: false, acceptSslCert: false, acceptSslCerts: false, browser: opera, browserName: opera, browser_name: Opera, browser_version: 12.15, browserstack.appium_version: , browserstack.hostName: ACSIPL-58, browserstack.is_hub_canary: false, bstack:options: {browser: Opera, browserName: Opera, browserVersion: 12.15, browserstackSDK: cucumber-testng-javaagent/1..., hostName: ACSIPL-58, os: OS X, osVersion: Mojave}, cssSelectorsEnabled: true, detected_language: selenium/4.8.3 (java windows), javascriptEnabled: true, new_bucketing: true, opera.arguments: {debugproxy: 127.0.0.1:40455, pd: /var/folders/yj/h3bj394n2tn...}, opera.autostart: true, opera.backend: software, opera.binary: /Applications/opera 12.15.a..., opera.detach: false, opera.host: 127.0.0.1, opera.idle: false, opera.launcher: /Users/test1/.launcher/laun..., opera.logging.level: INFO, opera.no_quit: false, opera.no_restart: false, opera.port: 40455, opera.product: Opera Desktop, opera.runner: com.opera.core.systems.runn..., orig_os: macmo, os: OS X, osVersion: Mojave, os_version: Mojave, platform: MAC, sessionId: 1c6f3f62c7e77efb74408f06c74..., takesScreenshot: true, version: 12.15, webdriver.remote.sessionid: 1c6f3f62c7e77efb74408f06c74...}, cssSelectorsEnabled: true, detected_language: selenium/4.8.3 (java windows), javascriptEnabled: true, new_bucketing: true, opera.arguments: {debugproxy: 127.0.0.1:40455, pd: /var/folders/yj/h3bj394n2tn...}, opera.autostart: true, opera.backend: software, opera.binary: /Applications/opera 12.15.a..., opera.detach: false, opera.host: 127.0.0.1, opera.idle: false, opera.launcher: /Users/test1/.launcher/laun..., opera.logging.level: INFO, opera.no_quit: false, opera.no_restart: false, opera.port: 40455, opera.product: Opera Desktop, opera.runner: com.opera.core.systems.runn..., orig_os: macmo, os: OS X, osVersion: Mojave, os_version: Mojave, platform: MAC, platformName: ANY, sessionId: 1c6f3f62c7e77efb74408f06c74..., takesScreenshot: true, version: 12.15, webdriver.remote.sessionid: 1c6f3f62c7e77efb74408f06c74...}
Session ID: 1c6f3f62c7e77efb74408f06c74ad192c634b6ca
	at org.openqa.selenium.remote.ErrorHandler.createThrowable(ErrorHandler.java:217)
	at org.openqa.selenium.remote.ErrorHandler.throwIfResponseFailed(ErrorHandler.java:169)
	at org.openqa.selenium.remote.codec.jwp.JsonHttpResponseCodec.reconstructValue(JsonHttpResponseCodec.java:41)
	at org.openqa.selenium.remote.codec.AbstractHttpResponseCodec.decode(AbstractHttpResponseCodec.java:83)
	at org.openqa.selenium.remote.codec.AbstractHttpResponseCodec.decode(AbstractHttpResponseCodec.java:47)
	at org.openqa.selenium.remote.HttpCommandExecutor.execute(HttpCommandExecutor.java:193)
	at org.openqa.selenium.remote.RemoteWebDriver.execute(RemoteWebDriver.java:543)
	at org.openqa.selenium.remote.ElementLocation$ElementFinder$2.findElement(ElementLocation.java:162)
	at org.openqa.selenium.remote.ElementLocation.findElement(ElementLocation.java:60)
	at org.openqa.selenium.remote.RemoteWebDriver.findElement(RemoteWebDriver.java:352)
	at org.openqa.selenium.remote.RemoteWebDriver.findElement(RemoteWebDriver.java:344)
	at pageObjects.GreenkartHomePage.searchProduct(GreenkartHomePage.java:27)
	at stepDefinitions.GreenkartHomePageStepDefinitions.user_search_with_shortname_in_homepage_and_extracted_actual_name_of_the_product(GreenkartHomePageStepDefinitions.java:43)
	at ?.User search with shortname &quot;cap&quot; in Homepage and extracted actual name of the product(file:///C:/Users/SwamiNaiduSeepana/Desktop/Workspace/CucumberPractice/src/test/java/features/GreenkartCheckOut.feature:6)
... Removed 4 stack frames</pre></div><a href='#' onClick='toggleBox("stack-trace2143054250", this, "Click to show all stack frames", "Click to hide stack frames")'>Click to show all stack frames</a>
<div class='stack-trace' id='stack-trace2143054250'><pre>org.openqa.selenium.NoSuchElementException: Cannot find element(s) with xpath
For documentation on this error, please visit: http://seleniumhq.org/exceptions/no_such_element.html
Build info: version: &apos;2.43.1&apos;, revision: &apos;5163bce&apos;, time: &apos;2014-09-10 16:27:33&apos;
System info: host: &apos;mac-193-186-253-99.browserstack.com&apos;, ip: &apos;193.186.253.99&apos;, os.name: &apos;Mac OS X&apos;, os.arch: &apos;x86_64&apos;, os.version: &apos;10.14.6&apos;, java.version: &apos;1.8.0_181&apos;
Driver info: driver.version: EventFiringWebDriver (WARNING: The server did not provide any stacktrace information)
Command duration or timeout: 0 milliseconds
For documentation on this error, please visit: https://selenium.dev/exceptions/#no_such_element
Build info: version: &apos;4.8.3&apos;, revision: &apos;e5e76298c3&apos;
System info: os.name: &apos;Windows 10&apos;, os.arch: &apos;amd64&apos;, os.version: &apos;10.0&apos;, java.version: &apos;11.0.2-redhat&apos;
Driver info: org.openqa.selenium.remote.RemoteWebDriver
Command: [1c6f3f62c7e77efb74408f06c74ad192c634b6ca, findElement {using=xpath, value=//input[@type = &apos;search&apos;]}]
Capabilities {64bit: false, acceptSslCert: false, acceptSslCerts: false, browser: opera, browserName: opera, browser_name: Opera, browser_version: 12.15, browserstack.appium_version: , browserstack.hostName: ACSIPL-58, browserstack.is_hub_canary: false, bstack:options: {browser: Opera, browserName: Opera, browserVersion: 12.15, browserstackSDK: cucumber-testng-javaagent/1..., hostName: ACSIPL-58, os: OS X, osVersion: Mojave}, capabilities: {64bit: false, acceptSslCert: false, acceptSslCerts: false, browser: opera, browserName: opera, browser_name: Opera, browser_version: 12.15, browserstack.appium_version: , browserstack.hostName: ACSIPL-58, browserstack.is_hub_canary: false, bstack:options: {browser: Opera, browserName: Opera, browserVersion: 12.15, browserstackSDK: cucumber-testng-javaagent/1..., hostName: ACSIPL-58, os: OS X, osVersion: Mojave}, cssSelectorsEnabled: true, detected_language: selenium/4.8.3 (java windows), javascriptEnabled: true, new_bucketing: true, opera.arguments: {debugproxy: 127.0.0.1:40455, pd: /var/folders/yj/h3bj394n2tn...}, opera.autostart: true, opera.backend: software, opera.binary: /Applications/opera 12.15.a..., opera.detach: false, opera.host: 127.0.0.1, opera.idle: false, opera.launcher: /Users/test1/.launcher/laun..., opera.logging.level: INFO, opera.no_quit: false, opera.no_restart: false, opera.port: 40455, opera.product: Opera Desktop, opera.runner: com.opera.core.systems.runn..., orig_os: macmo, os: OS X, osVersion: Mojave, os_version: Mojave, platform: MAC, sessionId: 1c6f3f62c7e77efb74408f06c74..., takesScreenshot: true, version: 12.15, webdriver.remote.sessionid: 1c6f3f62c7e77efb74408f06c74...}, cssSelectorsEnabled: true, detected_language: selenium/4.8.3 (java windows), javascriptEnabled: true, new_bucketing: true, opera.arguments: {debugproxy: 127.0.0.1:40455, pd: /var/folders/yj/h3bj394n2tn...}, opera.autostart: true, opera.backend: software, opera.binary: /Applications/opera 12.15.a..., opera.detach: false, opera.host: 127.0.0.1, opera.idle: false, opera.launcher: /Users/test1/.launcher/laun..., opera.logging.level: INFO, opera.no_quit: false, opera.no_restart: false, opera.port: 40455, opera.product: Opera Desktop, opera.runner: com.opera.core.systems.runn..., orig_os: macmo, os: OS X, osVersion: Mojave, os_version: Mojave, platform: MAC, platformName: ANY, sessionId: 1c6f3f62c7e77efb74408f06c74..., takesScreenshot: true, version: 12.15, webdriver.remote.sessionid: 1c6f3f62c7e77efb74408f06c74...}
Session ID: 1c6f3f62c7e77efb74408f06c74ad192c634b6ca
	at java.base/jdk.internal.reflect.NativeConstructorAccessorImpl.newInstance0(Native Method)
	at java.base/jdk.internal.reflect.NativeConstructorAccessorImpl.newInstance(NativeConstructorAccessorImpl.java:62)
	at java.base/jdk.internal.reflect.DelegatingConstructorAccessorImpl.newInstance(DelegatingConstructorAccessorImpl.java:45)
	at java.base/java.lang.reflect.Constructor.newInstance(Constructor.java:490)
	at org.openqa.selenium.remote.ErrorHandler.createThrowable(ErrorHandler.java:217)
	at org.openqa.selenium.remote.ErrorHandler.throwIfResponseFailed(ErrorHandler.java:169)
	at org.openqa.selenium.remote.codec.jwp.JsonHttpResponseCodec.reconstructValue(JsonHttpResponseCodec.java:41)
	at org.openqa.selenium.remote.codec.AbstractHttpResponseCodec.decode(AbstractHttpResponseCodec.java:83)
	at org.openqa.selenium.remote.codec.AbstractHttpResponseCodec.decode(AbstractHttpResponseCodec.java:47)
	at org.openqa.selenium.remote.HttpCommandExecutor.execute(HttpCommandExecutor.java:193)
	at org.openqa.selenium.remote.RemoteWebDriver.execute(RemoteWebDriver.java:543)
	at org.openqa.selenium.remote.ElementLocation$ElementFinder$2.findElement(ElementLocation.java:162)
	at org.openqa.selenium.remote.ElementLocation.findElement(ElementLocation.java:60)
	at org.openqa.selenium.remote.RemoteWebDriver.findElement(RemoteWebDriver.java:352)
	at org.openqa.selenium.remote.RemoteWebDriver.findElement(RemoteWebDriver.java:344)
	at pageObjects.GreenkartHomePage.searchProduct(GreenkartHomePage.java:27)
	at stepDefinitions.GreenkartHomePageStepDefinitions.user_search_with_shortname_in_homepage_and_extracted_actual_name_of_the_product(GreenkartHomePageStepDefinitions.java:43)
	at ?.User search with shortname &quot;cap&quot; in Homepage and extracted actual name of the product(file:///C:/Users/SwamiNaiduSeepana/Desktop/Workspace/CucumberPractice/src/test/java/features/GreenkartCheckOut.feature:6)
</pre></div></td>
<td>83</td>
<td>testRunner.GreenkartTestRunner@51e37590</td></tr>
<tr>
<td title='testRunner.GreenkartTestRunner.runScenario()'><b>runScenario</b><br>Test class: testRunner.GreenkartTestRunner<br>Test method: Runs Cucumber Scenarios<br>Parameters: "Search a product and verify ability to place order", "Place the order for products"</td>
<td><div><pre>org.openqa.selenium.NoSuchElementException: Cannot find element(s) with xpath
For documentation on this error, please visit: http://seleniumhq.org/exceptions/no_such_element.html
Build info: version: &apos;2.43.1&apos;, revision: &apos;5163bce&apos;, time: &apos;2014-09-10 16:27:33&apos;
System info: host: &apos;mac-193-186-253-138.browserstack.com&apos;, ip: &apos;193.186.253.138&apos;, os.name: &apos;Mac OS X&apos;, os.arch: &apos;x86_64&apos;, os.version: &apos;10.14.6&apos;, java.version: &apos;1.8.0_181&apos;
Driver info: driver.version: EventFiringWebDriver (WARNING: The server did not provide any stacktrace information)
Command duration or timeout: 0 milliseconds
For documentation on this error, please visit: https://selenium.dev/exceptions/#no_such_element
Build info: version: &apos;4.8.3&apos;, revision: &apos;e5e76298c3&apos;
System info: os.name: &apos;Windows 10&apos;, os.arch: &apos;amd64&apos;, os.version: &apos;10.0&apos;, java.version: &apos;11.0.2-redhat&apos;
Driver info: org.openqa.selenium.remote.RemoteWebDriver
Command: [6d4a0776f78a9a898734ab8179d9b3466cb25b13, findElement {using=xpath, value=//input[@type = &apos;search&apos;]}]
Capabilities {64bit: false, acceptSslCert: false, acceptSslCerts: false, browser: opera, browserName: opera, browser_name: Opera, browser_version: 12.15, browserstack.appium_version: , browserstack.hostName: ACSIPL-58, browserstack.is_hub_canary: false, bstack:options: {browser: Opera, browserName: Opera, browserVersion: 12.15, browserstackSDK: cucumber-testng-javaagent/1..., hostName: ACSIPL-58, os: OS X, osVersion: Mojave}, capabilities: {64bit: false, acceptSslCert: false, acceptSslCerts: false, browser: opera, browserName: opera, browser_name: Opera, browser_version: 12.15, browserstack.appium_version: , browserstack.hostName: ACSIPL-58, browserstack.is_hub_canary: false, bstack:options: {browser: Opera, browserName: Opera, browserVersion: 12.15, browserstackSDK: cucumber-testng-javaagent/1..., hostName: ACSIPL-58, os: OS X, osVersion: Mojave}, cssSelectorsEnabled: true, detected_language: selenium/4.8.3 (java windows), javascriptEnabled: true, new_bucketing: true, opera.arguments: {debugproxy: 127.0.0.1:20523, pd: /var/folders/yj/h3bj394n2tn...}, opera.autostart: true, opera.backend: software, opera.binary: /Applications/opera 12.15.a..., opera.detach: false, opera.host: 127.0.0.1, opera.idle: false, opera.launcher: /Users/test1/.launcher/laun..., opera.logging.level: INFO, opera.no_quit: false, opera.no_restart: false, opera.port: 20523, opera.product: Opera Desktop, opera.runner: com.opera.core.systems.runn..., orig_os: macmo, os: OS X, osVersion: Mojave, os_version: Mojave, platform: MAC, sessionId: 6d4a0776f78a9a898734ab8179d..., takesScreenshot: true, version: 12.15, webdriver.remote.sessionid: 6d4a0776f78a9a898734ab8179d...}, cssSelectorsEnabled: true, detected_language: selenium/4.8.3 (java windows), javascriptEnabled: true, new_bucketing: true, opera.arguments: {debugproxy: 127.0.0.1:20523, pd: /var/folders/yj/h3bj394n2tn...}, opera.autostart: true, opera.backend: software, opera.binary: /Applications/opera 12.15.a..., opera.detach: false, opera.host: 127.0.0.1, opera.idle: false, opera.launcher: /Users/test1/.launcher/laun..., opera.logging.level: INFO, opera.no_quit: false, opera.no_restart: false, opera.port: 20523, opera.product: Opera Desktop, opera.runner: com.opera.core.systems.runn..., orig_os: macmo, os: OS X, osVersion: Mojave, os_version: Mojave, platform: MAC, platformName: ANY, sessionId: 6d4a0776f78a9a898734ab8179d..., takesScreenshot: true, version: 12.15, webdriver.remote.sessionid: 6d4a0776f78a9a898734ab8179d...}
Session ID: 6d4a0776f78a9a898734ab8179d9b3466cb25b13
	at org.openqa.selenium.remote.ErrorHandler.createThrowable(ErrorHandler.java:217)
	at org.openqa.selenium.remote.ErrorHandler.throwIfResponseFailed(ErrorHandler.java:169)
	at org.openqa.selenium.remote.codec.jwp.JsonHttpResponseCodec.reconstructValue(JsonHttpResponseCodec.java:41)
	at org.openqa.selenium.remote.codec.AbstractHttpResponseCodec.decode(AbstractHttpResponseCodec.java:83)
	at org.openqa.selenium.remote.codec.AbstractHttpResponseCodec.decode(AbstractHttpResponseCodec.java:47)
	at org.openqa.selenium.remote.HttpCommandExecutor.execute(HttpCommandExecutor.java:193)
	at org.openqa.selenium.remote.RemoteWebDriver.execute(RemoteWebDriver.java:543)
	at org.openqa.selenium.remote.ElementLocation$ElementFinder$2.findElement(ElementLocation.java:162)
	at org.openqa.selenium.remote.ElementLocation.findElement(ElementLocation.java:60)
	at org.openqa.selenium.remote.RemoteWebDriver.findElement(RemoteWebDriver.java:352)
	at org.openqa.selenium.remote.RemoteWebDriver.findElement(RemoteWebDriver.java:344)
	at pageObjects.GreenkartHomePage.searchProduct(GreenkartHomePage.java:27)
	at stepDefinitions.GreenkartHomePageStepDefinitions.user_search_with_shortname_in_homepage_and_extracted_actual_name_of_the_product(GreenkartHomePageStepDefinitions.java:43)
	at ?.User search with shortname &quot;tom&quot; in Homepage and extracted actual name of the product(file:///C:/Users/SwamiNaiduSeepana/Desktop/Workspace/CucumberPractice/src/test/java/features/GreenkartCheckOut.feature:6)
... Removed 4 stack frames</pre></div><a href='#' onClick='toggleBox("stack-trace1661684113", this, "Click to show all stack frames", "Click to hide stack frames")'>Click to show all stack frames</a>
<div class='stack-trace' id='stack-trace1661684113'><pre>org.openqa.selenium.NoSuchElementException: Cannot find element(s) with xpath
For documentation on this error, please visit: http://seleniumhq.org/exceptions/no_such_element.html
Build info: version: &apos;2.43.1&apos;, revision: &apos;5163bce&apos;, time: &apos;2014-09-10 16:27:33&apos;
System info: host: &apos;mac-193-186-253-138.browserstack.com&apos;, ip: &apos;193.186.253.138&apos;, os.name: &apos;Mac OS X&apos;, os.arch: &apos;x86_64&apos;, os.version: &apos;10.14.6&apos;, java.version: &apos;1.8.0_181&apos;
Driver info: driver.version: EventFiringWebDriver (WARNING: The server did not provide any stacktrace information)
Command duration or timeout: 0 milliseconds
For documentation on this error, please visit: https://selenium.dev/exceptions/#no_such_element
Build info: version: &apos;4.8.3&apos;, revision: &apos;e5e76298c3&apos;
System info: os.name: &apos;Windows 10&apos;, os.arch: &apos;amd64&apos;, os.version: &apos;10.0&apos;, java.version: &apos;11.0.2-redhat&apos;
Driver info: org.openqa.selenium.remote.RemoteWebDriver
Command: [6d4a0776f78a9a898734ab8179d9b3466cb25b13, findElement {using=xpath, value=//input[@type = &apos;search&apos;]}]
Capabilities {64bit: false, acceptSslCert: false, acceptSslCerts: false, browser: opera, browserName: opera, browser_name: Opera, browser_version: 12.15, browserstack.appium_version: , browserstack.hostName: ACSIPL-58, browserstack.is_hub_canary: false, bstack:options: {browser: Opera, browserName: Opera, browserVersion: 12.15, browserstackSDK: cucumber-testng-javaagent/1..., hostName: ACSIPL-58, os: OS X, osVersion: Mojave}, capabilities: {64bit: false, acceptSslCert: false, acceptSslCerts: false, browser: opera, browserName: opera, browser_name: Opera, browser_version: 12.15, browserstack.appium_version: , browserstack.hostName: ACSIPL-58, browserstack.is_hub_canary: false, bstack:options: {browser: Opera, browserName: Opera, browserVersion: 12.15, browserstackSDK: cucumber-testng-javaagent/1..., hostName: ACSIPL-58, os: OS X, osVersion: Mojave}, cssSelectorsEnabled: true, detected_language: selenium/4.8.3 (java windows), javascriptEnabled: true, new_bucketing: true, opera.arguments: {debugproxy: 127.0.0.1:20523, pd: /var/folders/yj/h3bj394n2tn...}, opera.autostart: true, opera.backend: software, opera.binary: /Applications/opera 12.15.a..., opera.detach: false, opera.host: 127.0.0.1, opera.idle: false, opera.launcher: /Users/test1/.launcher/laun..., opera.logging.level: INFO, opera.no_quit: false, opera.no_restart: false, opera.port: 20523, opera.product: Opera Desktop, opera.runner: com.opera.core.systems.runn..., orig_os: macmo, os: OS X, osVersion: Mojave, os_version: Mojave, platform: MAC, sessionId: 6d4a0776f78a9a898734ab8179d..., takesScreenshot: true, version: 12.15, webdriver.remote.sessionid: 6d4a0776f78a9a898734ab8179d...}, cssSelectorsEnabled: true, detected_language: selenium/4.8.3 (java windows), javascriptEnabled: true, new_bucketing: true, opera.arguments: {debugproxy: 127.0.0.1:20523, pd: /var/folders/yj/h3bj394n2tn...}, opera.autostart: true, opera.backend: software, opera.binary: /Applications/opera 12.15.a..., opera.detach: false, opera.host: 127.0.0.1, opera.idle: false, opera.launcher: /Users/test1/.launcher/laun..., opera.logging.level: INFO, opera.no_quit: false, opera.no_restart: false, opera.port: 20523, opera.product: Opera Desktop, opera.runner: com.opera.core.systems.runn..., orig_os: macmo, os: OS X, osVersion: Mojave, os_version: Mojave, platform: MAC, platformName: ANY, sessionId: 6d4a0776f78a9a898734ab8179d..., takesScreenshot: true, version: 12.15, webdriver.remote.sessionid: 6d4a0776f78a9a898734ab8179d...}
Session ID: 6d4a0776f78a9a898734ab8179d9b3466cb25b13
	at java.base/jdk.internal.reflect.NativeConstructorAccessorImpl.newInstance0(Native Method)
	at java.base/jdk.internal.reflect.NativeConstructorAccessorImpl.newInstance(NativeConstructorAccessorImpl.java:62)
	at java.base/jdk.internal.reflect.DelegatingConstructorAccessorImpl.newInstance(DelegatingConstructorAccessorImpl.java:45)
	at java.base/java.lang.reflect.Constructor.newInstance(Constructor.java:490)
	at org.openqa.selenium.remote.ErrorHandler.createThrowable(ErrorHandler.java:217)
	at org.openqa.selenium.remote.ErrorHandler.throwIfResponseFailed(ErrorHandler.java:169)
	at org.openqa.selenium.remote.codec.jwp.JsonHttpResponseCodec.reconstructValue(JsonHttpResponseCodec.java:41)
	at org.openqa.selenium.remote.codec.AbstractHttpResponseCodec.decode(AbstractHttpResponseCodec.java:83)
	at org.openqa.selenium.remote.codec.AbstractHttpResponseCodec.decode(AbstractHttpResponseCodec.java:47)
	at org.openqa.selenium.remote.HttpCommandExecutor.execute(HttpCommandExecutor.java:193)
	at org.openqa.selenium.remote.RemoteWebDriver.execute(RemoteWebDriver.java:543)
	at org.openqa.selenium.remote.ElementLocation$ElementFinder$2.findElement(ElementLocation.java:162)
	at org.openqa.selenium.remote.ElementLocation.findElement(ElementLocation.java:60)
	at org.openqa.selenium.remote.RemoteWebDriver.findElement(RemoteWebDriver.java:352)
	at org.openqa.selenium.remote.RemoteWebDriver.findElement(RemoteWebDriver.java:344)
	at pageObjects.GreenkartHomePage.searchProduct(GreenkartHomePage.java:27)
	at stepDefinitions.GreenkartHomePageStepDefinitions.user_search_with_shortname_in_homepage_and_extracted_actual_name_of_the_product(GreenkartHomePageStepDefinitions.java:43)
	at ?.User search with shortname &quot;tom&quot; in Homepage and extracted actual name of the product(file:///C:/Users/SwamiNaiduSeepana/Desktop/Workspace/CucumberPractice/src/test/java/features/GreenkartCheckOut.feature:6)
</pre></div></td>
<td>121</td>
<td>testRunner.GreenkartTestRunner@51e37590</td></tr>
</table><p>
</body>
</html>