<?xml version="1.0" encoding="UTF-8"?>
<!-- Generated by org.testng.reporters.JUnitXMLReporter -->
<testsuite ignored="0" hostname="ACSIPL-58" failures="8" tests="12" name="Test" time="104.601" errors="0" timestamp="2023-06-28T18:07:06 IST">
  <testcase classname="io.cucumber.testng.AbstractTestNGCucumberTests" name="runScenario" time="10.035"/>
  <testcase classname="io.cucumber.testng.AbstractTestNGCucumberTests" name="runScenario" time="8.138">
    <failure type="java.lang.AssertionError" message="expected [Cucumber] but found [No data]">
      <![CDATA[java.lang.AssertionError: expected [Cucumber] but found [No data]
at stepDefinitions.GreenkartOffersPageStepDefinitions.check_if_the_actual_product_name_is_same_in_both_homepage_and_offerspage(GreenkartOffersPageStepDefinitions.java:61)
at ✽.Check if the actual product name is same in both Homepage and Offerspage(file:///C:/Users/SwamiNaiduSeepana/Desktop/Workspace/CucumberPractice/src/test/java/features/GreenkartSearchProduct.feature:8)
... Removed 6 stack frames]]>
    </failure>
  </testcase> <!-- runScenario -->
  <testcase classname="io.cucumber.testng.AbstractTestNGCucumberTests" name="runScenario" time="8.258">
    <failure type="java.lang.AssertionError" message="expected [Beetroot] but found [No data]">
      <![CDATA[java.lang.AssertionError: expected [Beetroot] but found [No data]
at stepDefinitions.GreenkartOffersPageStepDefinitions.check_if_the_actual_product_name_is_same_in_both_homepage_and_offerspage(GreenkartOffersPageStepDefinitions.java:61)
at ✽.Check if the actual product name is same in both Homepage and Offerspage(file:///C:/Users/SwamiNaiduSeepana/Desktop/Workspace/CucumberPractice/src/test/java/features/GreenkartSearchProduct.feature:8)
... Removed 6 stack frames]]>
    </failure>
  </testcase> <!-- runScenario -->
  <testcase classname="io.cucumber.testng.AbstractTestNGCucumberTests" name="runScenario" time="10.849">
    <failure type="java.lang.AssertionError" message="expected [Capsicum] but found [No data]">
      <![CDATA[java.lang.AssertionError: expected [Capsicum] but found [No data]
at stepDefinitions.GreenkartOffersPageStepDefinitions.check_if_the_actual_product_name_is_same_in_both_homepage_and_offerspage(GreenkartOffersPageStepDefinitions.java:61)
at ✽.Check if the actual product name is same in both Homepage and Offerspage(file:///C:/Users/SwamiNaiduSeepana/Desktop/Workspace/CucumberPractice/src/test/java/features/GreenkartSearchProduct.feature:8)
... Removed 6 stack frames]]>
    </failure>
  </testcase> <!-- runScenario -->
  <testcase classname="io.cucumber.testng.AbstractTestNGCucumberTests" name="runScenario" time="8.076"/>
  <testcase classname="io.cucumber.testng.AbstractTestNGCucumberTests" name="runScenario" time="7.929"/>
  <testcase classname="io.cucumber.testng.AbstractTestNGCucumberTests" name="runScenario" time="8.728">
    <failure type="java.lang.AssertionError" message="expected [Mushroom] but found [No data]">
      <![CDATA[java.lang.AssertionError: expected [Mushroom] but found [No data]
at stepDefinitions.GreenkartOffersPageStepDefinitions.check_if_the_actual_product_name_is_same_in_both_homepage_and_offerspage(GreenkartOffersPageStepDefinitions.java:61)
at ✽.Check if the actual product name is same in both Homepage and Offerspage(file:///C:/Users/SwamiNaiduSeepana/Desktop/Workspace/CucumberPractice/src/test/java/features/GreenkartSearchProduct.feature:8)
... Removed 6 stack frames]]>
    </failure>
  </testcase> <!-- runScenario -->
  <testcase classname="io.cucumber.testng.AbstractTestNGCucumberTests" name="runScenario" time="7.853">
    <failure type="org.openqa.selenium.WebDriverException" message="unknown error: cannot determine loading status
from no such window
  (Session info: MicrosoftEdge=114.0.1823.58)
Build info: version: &amp;apos;4.8.3&amp;apos;, revision: &amp;apos;e5e76298c3&amp;apos;
System info: os.name: &amp;apos;Windows 10&amp;apos;, os.arch: &amp;apos;amd64&amp;apos;, os.version: &amp;apos;10.0&amp;apos;, java.version: &amp;apos;11.0.2-redhat&amp;apos;
Driver info: org.openqa.selenium.edge.EdgeDriver
Command: [2cbd019d8f569d76a246108b221657e0, findElement {using=id, value=search-field}]
Capabilities {acceptInsecureCerts: false, browserName: msedge, browserVersion: 114.0.1823.58, ms:edgeOptions: {debuggerAddress: localhost:27018}, msedge: {msedgedriverVersion: 114.0.1823.58 (913ab82f672f..., userDataDir: C:\Users\SWAMIN~1\AppData\L...}, networkConnectionEnabled: false, pageLoadStrategy: normal, platformName: WINDOWS, proxy: Proxy(), se:cdp: ws://localhost:27018/devtoo..., se:cdpVersion: 114.0.1823.58, setWindowRect: true, strictFileInteractability: false, timeouts: {implicit: 0, pageLoad: 300000, script: 30000}, unhandledPromptBehavior: dismiss and notify, webauthn:extension:credBlob: true, webauthn:extension:largeBlob: true, webauthn:extension:minPinLength: true, webauthn:extension:prf: true, webauthn:virtualAuthenticators: true}
Session ID: 2cbd019d8f569d76a246108b221657e0">
      <![CDATA[org.openqa.selenium.WebDriverException: unknown error: cannot determine loading status
from no such window
  (Session info: MicrosoftEdge=114.0.1823.58)
Build info: version: '4.8.3', revision: 'e5e76298c3'
System info: os.name: 'Windows 10', os.arch: 'amd64', os.version: '10.0', java.version: '11.0.2-redhat'
Driver info: org.openqa.selenium.edge.EdgeDriver
Command: [2cbd019d8f569d76a246108b221657e0, findElement {using=id, value=search-field}]
Capabilities {acceptInsecureCerts: false, browserName: msedge, browserVersion: 114.0.1823.58, ms:edgeOptions: {debuggerAddress: localhost:27018}, msedge: {msedgedriverVersion: 114.0.1823.58 (913ab82f672f..., userDataDir: C:\Users\SWAMIN~1\AppData\L...}, networkConnectionEnabled: false, pageLoadStrategy: normal, platformName: WINDOWS, proxy: Proxy(), se:cdp: ws://localhost:27018/devtoo..., se:cdpVersion: 114.0.1823.58, setWindowRect: true, strictFileInteractability: false, timeouts: {implicit: 0, pageLoad: 300000, script: 30000}, unhandledPromptBehavior: dismiss and notify, webauthn:extension:credBlob: true, webauthn:extension:largeBlob: true, webauthn:extension:minPinLength: true, webauthn:extension:prf: true, webauthn:virtualAuthenticators: true}
Session ID: 2cbd019d8f569d76a246108b221657e0
at org.openqa.selenium.remote.codec.w3c.W3CHttpResponseCodec.createException(W3CHttpResponseCodec.java:200)
at org.openqa.selenium.remote.codec.w3c.W3CHttpResponseCodec.decode(W3CHttpResponseCodec.java:133)
at org.openqa.selenium.remote.codec.w3c.W3CHttpResponseCodec.decode(W3CHttpResponseCodec.java:53)
at org.openqa.selenium.remote.HttpCommandExecutor.execute(HttpCommandExecutor.java:193)
at org.openqa.selenium.remote.service.DriverCommandExecutor.invokeExecute(DriverCommandExecutor.java:183)
at org.openqa.selenium.remote.service.DriverCommandExecutor.execute(DriverCommandExecutor.java:158)
at org.openqa.selenium.remote.RemoteWebDriver.execute(RemoteWebDriver.java:543)
at org.openqa.selenium.remote.ElementLocation$ElementFinder$2.findElement(ElementLocation.java:162)
at org.openqa.selenium.remote.ElementLocation.findElement(ElementLocation.java:66)
at org.openqa.selenium.remote.RemoteWebDriver.findElement(RemoteWebDriver.java:352)
at org.openqa.selenium.remote.RemoteWebDriver.findElement(RemoteWebDriver.java:344)
at pageObjects.GreenkartOffersPage.searchProduct(GreenkartOffersPage.java:22)
at stepDefinitions.GreenkartOffersPageStepDefinitions.user_search_for_shortname_in_offerspage_and_extracted_actual_name_of_the_product(GreenkartOffersPageStepDefinitions.java:35)
at ✽.User search for shortname "wat" in Offerspage and extracted actual name of the product(file:///C:/Users/SwamiNaiduSeepana/Desktop/Workspace/CucumberPractice/src/test/java/features/GreenkartSearchProduct.feature:7)
... Removed 4 stack frames]]>
    </failure>
  </testcase> <!-- runScenario -->
  <testcase classname="io.cucumber.testng.AbstractTestNGCucumberTests" name="runScenario" time="7.917"/>
  <testcase classname="io.cucumber.testng.AbstractTestNGCucumberTests" name="runScenario" time="8.044">
    <failure type="java.lang.AssertionError" message="expected [Pista] but found [Pineapple]">
      <![CDATA[java.lang.AssertionError: expected [Pista] but found [Pineapple]
at stepDefinitions.GreenkartOffersPageStepDefinitions.check_if_the_actual_product_name_is_same_in_both_homepage_and_offerspage(GreenkartOffersPageStepDefinitions.java:61)
at ✽.Check if the actual product name is same in both Homepage and Offerspage(file:///C:/Users/SwamiNaiduSeepana/Desktop/Workspace/CucumberPractice/src/test/java/features/GreenkartSearchProduct.feature:8)
... Removed 6 stack frames]]>
    </failure>
  </testcase> <!-- runScenario -->
  <testcase classname="io.cucumber.testng.AbstractTestNGCucumberTests" name="runScenario" time="9.27">
    <failure type="java.lang.AssertionError" message="expected [Walnuts] but found [No data]">
      <![CDATA[java.lang.AssertionError: expected [Walnuts] but found [No data]
at stepDefinitions.GreenkartOffersPageStepDefinitions.check_if_the_actual_product_name_is_same_in_both_homepage_and_offerspage(GreenkartOffersPageStepDefinitions.java:61)
at ✽.Check if the actual product name is same in both Homepage and Offerspage(file:///C:/Users/SwamiNaiduSeepana/Desktop/Workspace/CucumberPractice/src/test/java/features/GreenkartSearchProduct.feature:8)
... Removed 6 stack frames]]>
    </failure>
  </testcase> <!-- runScenario -->
  <testcase classname="io.cucumber.testng.AbstractTestNGCucumberTests" name="runScenario" time="7.954">
    <failure type="java.lang.AssertionError" message="expected [Nuts Mixture] but found [No data]">
      <![CDATA[java.lang.AssertionError: expected [Nuts Mixture] but found [No data]
at stepDefinitions.GreenkartOffersPageStepDefinitions.check_if_the_actual_product_name_is_same_in_both_homepage_and_offerspage(GreenkartOffersPageStepDefinitions.java:61)
at ✽.Check if the actual product name is same in both Homepage and Offerspage(file:///C:/Users/SwamiNaiduSeepana/Desktop/Workspace/CucumberPractice/src/test/java/features/GreenkartSearchProduct.feature:8)
... Removed 6 stack frames]]>
    </failure>
  </testcase> <!-- runScenario -->
</testsuite> <!-- Test -->
