<?xml version="1.0" encoding="UTF-8"?>
<!-- Generated by org.testng.reporters.JUnitReportReporter -->
<testsuite hostname="ACSIPL-58" failures="7" tests="9" name="testRunner.GreenkartFailedTestRunner" time="467.078" errors="2" timestamp="2023-04-13T12:05:39 IST" skipped="0">
  <testcase classname="testRunner.GreenkartFailedTestRunner" name="runScenario" time="75.236">
    <failure message="expected [Water Melon] but found [No data]" type="java.lang.AssertionError">
      <![CDATA[java.lang.AssertionError: expected [Water Melon] but found [No data]
at org.testng.Assert.fail(Assert.java:110)
at org.testng.Assert.failNotEquals(Assert.java:1577)
at org.testng.Assert.assertEqualsImpl(Assert.java:149)
at org.testng.Assert.assertEquals(Assert.java:131)
at org.testng.Assert.assertEquals(Assert.java:655)
at org.testng.Assert.assertEquals(Assert.java:665)
at stepDefinitions.GreenkartOffersPageStepDefinitions.check_if_the_actual_product_name_is_same_in_both_homepage_and_offerspage(GreenkartOffersPageStepDefinitions.java:61)
at ✽.Check if the actual product name is same in both Homepage and Offerspage(file:///C:/Users/SwamiNaiduSeepana/Desktop/Workspace/CucumberPractice/src/test/java/features/GreenkartSearchProduct.feature:8)
]]>
    </failure>
  </testcase> <!-- runScenario -->
  <system-out/>
  <testcase classname="testRunner.GreenkartFailedTestRunner" name="runScenario" time="53.586">
    <failure message="expected [Nuts Mixture] but found [No data]" type="java.lang.AssertionError">
      <![CDATA[java.lang.AssertionError: expected [Nuts Mixture] but found [No data]
at org.testng.Assert.fail(Assert.java:110)
at org.testng.Assert.failNotEquals(Assert.java:1577)
at org.testng.Assert.assertEqualsImpl(Assert.java:149)
at org.testng.Assert.assertEquals(Assert.java:131)
at org.testng.Assert.assertEquals(Assert.java:655)
at org.testng.Assert.assertEquals(Assert.java:665)
at stepDefinitions.GreenkartOffersPageStepDefinitions.check_if_the_actual_product_name_is_same_in_both_homepage_and_offerspage(GreenkartOffersPageStepDefinitions.java:61)
at ✽.Check if the actual product name is same in both Homepage and Offerspage(file:///C:/Users/SwamiNaiduSeepana/Desktop/Workspace/CucumberPractice/src/test/java/features/GreenkartSearchProduct.feature:8)
]]>
    </failure>
  </testcase> <!-- runScenario -->
  <system-out/>
  <testcase classname="testRunner.GreenkartFailedTestRunner" name="runScenario" time="45.811">
    <error message="Expected condition failed: waiting for visibility of element located by By.xpath: //h4[@class=&#039;product-name&#039;] (tried for 30 second(s) with 500 milliseconds interval)
Build info: version: &#039;4.8.3&#039;, revision: &#039;e5e76298c3&#039;
System info: os.name: &#039;Windows 10&#039;, os.arch: &#039;amd64&#039;, os.version: &#039;10.0&#039;, java.version: &#039;17.0.6&#039;
Driver info: org.openqa.selenium.edge.EdgeDriver
Capabilities {acceptInsecureCerts: false, browserName: msedge, browserVersion: 112.0.1722.39, ms:edgeOptions: {debuggerAddress: localhost:55312}, msedge: {msedgedriverVersion: 112.0.1722.39 (e40a520f851f..., userDataDir: C:\Users\SWAMIN~1\AppData\L...}, networkConnectionEnabled: false, pageLoadStrategy: normal, platformName: WINDOWS, proxy: Proxy(), se:cdp: ws://localhost:55312/devtoo..., se:cdpVersion: 112.0.1722.39, setWindowRect: true, strictFileInteractability: false, timeouts: {implicit: 0, pageLoad: 300000, script: 30000}, unhandledPromptBehavior: dismiss and notify, webauthn:extension:credBlob: true, webauthn:extension:largeBlob: true, webauthn:extension:minPinLength: true, webauthn:extension:prf: true, webauthn:virtualAuthenticators: true}
Session ID: 55c6f9a18776c4daaa3c3e7716c2f4be" type="org.openqa.selenium.TimeoutException">
      <![CDATA[org.openqa.selenium.TimeoutException: Expected condition failed: waiting for visibility of element located by By.xpath: //h4[@class='product-name'] (tried for 30 second(s) with 500 milliseconds interval)
Build info: version: '4.8.3', revision: 'e5e76298c3'
System info: os.name: 'Windows 10', os.arch: 'amd64', os.version: '10.0', java.version: '17.0.6'
Driver info: org.openqa.selenium.edge.EdgeDriver
Capabilities {acceptInsecureCerts: false, browserName: msedge, browserVersion: 112.0.1722.39, ms:edgeOptions: {debuggerAddress: localhost:55312}, msedge: {msedgedriverVersion: 112.0.1722.39 (e40a520f851f..., userDataDir: C:\Users\SWAMIN~1\AppData\L...}, networkConnectionEnabled: false, pageLoadStrategy: normal, platformName: WINDOWS, proxy: Proxy(), se:cdp: ws://localhost:55312/devtoo..., se:cdpVersion: 112.0.1722.39, setWindowRect: true, strictFileInteractability: false, timeouts: {implicit: 0, pageLoad: 300000, script: 30000}, unhandledPromptBehavior: dismiss and notify, webauthn:extension:credBlob: true, webauthn:extension:largeBlob: true, webauthn:extension:minPinLength: true, webauthn:extension:prf: true, webauthn:virtualAuthenticators: true}
Session ID: 55c6f9a18776c4daaa3c3e7716c2f4be
at org.openqa.selenium.support.ui.WebDriverWait.timeoutException(WebDriverWait.java:87)
at org.openqa.selenium.support.ui.FluentWait.until(FluentWait.java:231)
at pageObjects.GreenkartHomePage.getProductName(GreenkartHomePage.java:31)
at stepDefinitions.GreenkartHomePageStepDefinitions.user_search_with_shortname_in_homepage_and_extracted_actual_name_of_the_product(GreenkartHomePageStepDefinitions.java:47)
at ✽.User search with shortname "tgom" in Homepage and extracted actual name of the product(file:///C:/Users/SwamiNaiduSeepana/Desktop/Workspace/CucumberPractice/src/test/java/features/GreenkartCheckOut.feature:6)
]]>
    </error>
  </testcase> <!-- runScenario -->
  <system-out/>
  <testcase classname="testRunner.GreenkartFailedTestRunner" name="runScenario" time="44.071">
    <failure message="expected [Mushroom] but found [No data]" type="java.lang.AssertionError">
      <![CDATA[java.lang.AssertionError: expected [Mushroom] but found [No data]
at org.testng.Assert.fail(Assert.java:110)
at org.testng.Assert.failNotEquals(Assert.java:1577)
at org.testng.Assert.assertEqualsImpl(Assert.java:149)
at org.testng.Assert.assertEquals(Assert.java:131)
at org.testng.Assert.assertEquals(Assert.java:655)
at org.testng.Assert.assertEquals(Assert.java:665)
at stepDefinitions.GreenkartOffersPageStepDefinitions.check_if_the_actual_product_name_is_same_in_both_homepage_and_offerspage(GreenkartOffersPageStepDefinitions.java:61)
at ✽.Check if the actual product name is same in both Homepage and Offerspage(file:///C:/Users/SwamiNaiduSeepana/Desktop/Workspace/CucumberPractice/src/test/java/features/GreenkartSearchProduct.feature:8)
]]>
    </failure>
  </testcase> <!-- runScenario -->
  <system-out/>
  <testcase classname="testRunner.GreenkartFailedTestRunner" name="runScenario" time="78.998">
    <failure message="expected [Pista] but found [Pineapple]" type="java.lang.AssertionError">
      <![CDATA[java.lang.AssertionError: expected [Pista] but found [Pineapple]
at org.testng.Assert.fail(Assert.java:110)
at org.testng.Assert.failNotEquals(Assert.java:1577)
at org.testng.Assert.assertEqualsImpl(Assert.java:149)
at org.testng.Assert.assertEquals(Assert.java:131)
at org.testng.Assert.assertEquals(Assert.java:655)
at org.testng.Assert.assertEquals(Assert.java:665)
at stepDefinitions.GreenkartOffersPageStepDefinitions.check_if_the_actual_product_name_is_same_in_both_homepage_and_offerspage(GreenkartOffersPageStepDefinitions.java:61)
at ✽.Check if the actual product name is same in both Homepage and Offerspage(file:///C:/Users/SwamiNaiduSeepana/Desktop/Workspace/CucumberPractice/src/test/java/features/GreenkartSearchProduct.feature:8)
]]>
    </failure>
  </testcase> <!-- runScenario -->
  <system-out/>
  <testcase classname="testRunner.GreenkartFailedTestRunner" name="runScenario" time="11.019">
    <failure message="expected [Capsicum] but found [No data]" type="java.lang.AssertionError">
      <![CDATA[java.lang.AssertionError: expected [Capsicum] but found [No data]
at org.testng.Assert.fail(Assert.java:110)
at org.testng.Assert.failNotEquals(Assert.java:1577)
at org.testng.Assert.assertEqualsImpl(Assert.java:149)
at org.testng.Assert.assertEquals(Assert.java:131)
at org.testng.Assert.assertEquals(Assert.java:655)
at org.testng.Assert.assertEquals(Assert.java:665)
at stepDefinitions.GreenkartOffersPageStepDefinitions.check_if_the_actual_product_name_is_same_in_both_homepage_and_offerspage(GreenkartOffersPageStepDefinitions.java:61)
at ✽.Check if the actual product name is same in both Homepage and Offerspage(file:///C:/Users/SwamiNaiduSeepana/Desktop/Workspace/CucumberPractice/src/test/java/features/GreenkartSearchProduct.feature:8)
]]>
    </failure>
  </testcase> <!-- runScenario -->
  <system-out/>
  <testcase classname="testRunner.GreenkartFailedTestRunner" name="runScenario" time="30.085">
    <failure message="expected [Cucumber] but found [No data]" type="java.lang.AssertionError">
      <![CDATA[java.lang.AssertionError: expected [Cucumber] but found [No data]
at org.testng.Assert.fail(Assert.java:110)
at org.testng.Assert.failNotEquals(Assert.java:1577)
at org.testng.Assert.assertEqualsImpl(Assert.java:149)
at org.testng.Assert.assertEquals(Assert.java:131)
at org.testng.Assert.assertEquals(Assert.java:655)
at org.testng.Assert.assertEquals(Assert.java:665)
at stepDefinitions.GreenkartOffersPageStepDefinitions.check_if_the_actual_product_name_is_same_in_both_homepage_and_offerspage(GreenkartOffersPageStepDefinitions.java:61)
at ✽.Check if the actual product name is same in both Homepage and Offerspage(file:///C:/Users/SwamiNaiduSeepana/Desktop/Workspace/CucumberPractice/src/test/java/features/GreenkartSearchProduct.feature:8)
]]>
    </failure>
  </testcase> <!-- runScenario -->
  <system-out/>
  <testcase classname="testRunner.GreenkartFailedTestRunner" name="runScenario" time="91.012">
    <error message="Expected condition failed: waiting for visibility of element located by By.xpath: //h4[@class=&#039;product-name&#039;] (tried for 30 second(s) with 500 milliseconds interval)
Build info: version: &#039;4.8.3&#039;, revision: &#039;e5e76298c3&#039;
System info: os.name: &#039;Windows 10&#039;, os.arch: &#039;amd64&#039;, os.version: &#039;10.0&#039;, java.version: &#039;17.0.6&#039;
Driver info: org.openqa.selenium.edge.EdgeDriver
Capabilities {acceptInsecureCerts: false, browserName: msedge, browserVersion: 112.0.1722.39, ms:edgeOptions: {debuggerAddress: localhost:55779}, msedge: {msedgedriverVersion: 112.0.1722.39 (e40a520f851f..., userDataDir: C:\Users\SWAMIN~1\AppData\L...}, networkConnectionEnabled: false, pageLoadStrategy: normal, platformName: WINDOWS, proxy: Proxy(), se:cdp: ws://localhost:55779/devtoo..., se:cdpVersion: 112.0.1722.39, setWindowRect: true, strictFileInteractability: false, timeouts: {implicit: 0, pageLoad: 300000, script: 30000}, unhandledPromptBehavior: dismiss and notify, webauthn:extension:credBlob: true, webauthn:extension:largeBlob: true, webauthn:extension:minPinLength: true, webauthn:extension:prf: true, webauthn:virtualAuthenticators: true}
Session ID: 5e64fe9a3ce2807aa15ca7de62bb744a" type="org.openqa.selenium.TimeoutException">
      <![CDATA[org.openqa.selenium.TimeoutException: Expected condition failed: waiting for visibility of element located by By.xpath: //h4[@class='product-name'] (tried for 30 second(s) with 500 milliseconds interval)
Build info: version: '4.8.3', revision: 'e5e76298c3'
System info: os.name: 'Windows 10', os.arch: 'amd64', os.version: '10.0', java.version: '17.0.6'
Driver info: org.openqa.selenium.edge.EdgeDriver
Capabilities {acceptInsecureCerts: false, browserName: msedge, browserVersion: 112.0.1722.39, ms:edgeOptions: {debuggerAddress: localhost:55779}, msedge: {msedgedriverVersion: 112.0.1722.39 (e40a520f851f..., userDataDir: C:\Users\SWAMIN~1\AppData\L...}, networkConnectionEnabled: false, pageLoadStrategy: normal, platformName: WINDOWS, proxy: Proxy(), se:cdp: ws://localhost:55779/devtoo..., se:cdpVersion: 112.0.1722.39, setWindowRect: true, strictFileInteractability: false, timeouts: {implicit: 0, pageLoad: 300000, script: 30000}, unhandledPromptBehavior: dismiss and notify, webauthn:extension:credBlob: true, webauthn:extension:largeBlob: true, webauthn:extension:minPinLength: true, webauthn:extension:prf: true, webauthn:virtualAuthenticators: true}
Session ID: 5e64fe9a3ce2807aa15ca7de62bb744a
at org.openqa.selenium.support.ui.WebDriverWait.timeoutException(WebDriverWait.java:87)
at org.openqa.selenium.support.ui.FluentWait.until(FluentWait.java:231)
at pageObjects.GreenkartHomePage.getProductName(GreenkartHomePage.java:31)
at stepDefinitions.GreenkartHomePageStepDefinitions.user_search_with_shortname_in_homepage_and_extracted_actual_name_of_the_product(GreenkartHomePageStepDefinitions.java:47)
at ✽.User search with shortname "wal" in Homepage and extracted actual name of the product(file:///C:/Users/SwamiNaiduSeepana/Desktop/Workspace/CucumberPractice/src/test/java/features/GreenkartSearchProduct.feature:6)
]]>
    </error>
  </testcase> <!-- runScenario -->
  <system-out/>
  <testcase classname="testRunner.GreenkartFailedTestRunner" name="runScenario" time="37.260">
    <failure message="expected [Beetroot] but found [No data]" type="java.lang.AssertionError">
      <![CDATA[java.lang.AssertionError: expected [Beetroot] but found [No data]
at org.testng.Assert.fail(Assert.java:110)
at org.testng.Assert.failNotEquals(Assert.java:1577)
at org.testng.Assert.assertEqualsImpl(Assert.java:149)
at org.testng.Assert.assertEquals(Assert.java:131)
at org.testng.Assert.assertEquals(Assert.java:655)
at org.testng.Assert.assertEquals(Assert.java:665)
at stepDefinitions.GreenkartOffersPageStepDefinitions.check_if_the_actual_product_name_is_same_in_both_homepage_and_offerspage(GreenkartOffersPageStepDefinitions.java:61)
at ✽.Check if the actual product name is same in both Homepage and Offerspage(file:///C:/Users/SwamiNaiduSeepana/Desktop/Workspace/CucumberPractice/src/test/java/features/GreenkartSearchProduct.feature:8)
]]>
    </failure>
  </testcase> <!-- runScenario -->
  <system-out/>
</testsuite> <!-- testRunner.GreenkartFailedTestRunner -->
